{"name":"hexo","hostname":"LAPTOP-H3MF430Q","pid":10536,"level":20,"msg":"Writing database to D:\\blog/db.json","time":"2021-11-17T03:20:11.797Z","v":0}
{"name":"hexo","hostname":"LAPTOP-H3MF430Q","pid":10536,"level":20,"msg":"Hexo version: \u001b[35m3.9.0\u001b[39m","time":"2021-11-17T03:20:11.815Z","v":0}
{"name":"hexo","hostname":"LAPTOP-H3MF430Q","pid":10536,"level":20,"msg":"Working directory: \u001b[35mD:\\blog\\\u001b[39m","time":"2021-11-17T03:20:11.816Z","v":0}
{"name":"hexo","hostname":"LAPTOP-H3MF430Q","pid":10536,"level":20,"msg":"Config loaded: \u001b[35mD:\\blog\\_config.yml\u001b[39m","time":"2021-11-17T03:20:11.968Z","v":0}
{"name":"hexo","hostname":"LAPTOP-H3MF430Q","pid":10536,"level":20,"msg":"Plugin loaded: \u001b[35mhexo-baidu-url-submit\u001b[39m","time":"2021-11-17T03:20:12.015Z","v":0}
{"name":"hexo","hostname":"LAPTOP-H3MF430Q","pid":10536,"level":20,"msg":"Plugin loaded: \u001b[35mhexo-deployer-git\u001b[39m","time":"2021-11-17T03:20:12.021Z","v":0}
{"name":"hexo","hostname":"LAPTOP-H3MF430Q","pid":10536,"level":20,"msg":"Plugin loaded: \u001b[35mhexo-generator-baidu-sitemap\u001b[39m","time":"2021-11-17T03:20:12.028Z","v":0}
{"name":"hexo","hostname":"LAPTOP-H3MF430Q","pid":10536,"level":20,"msg":"Plugin loaded: \u001b[35mhexo-generator-archive\u001b[39m","time":"2021-11-17T03:20:12.032Z","v":0}
{"name":"hexo","hostname":"LAPTOP-H3MF430Q","pid":10536,"level":20,"msg":"Plugin loaded: \u001b[35mhexo-generator-category\u001b[39m","time":"2021-11-17T03:20:12.034Z","v":0}
{"name":"hexo","hostname":"LAPTOP-H3MF430Q","pid":10536,"level":20,"msg":"Plugin loaded: \u001b[35mhexo-generator-feed\u001b[39m","time":"2021-11-17T03:20:12.040Z","v":0}
{"name":"hexo","hostname":"LAPTOP-H3MF430Q","pid":10536,"level":20,"msg":"Plugin loaded: \u001b[35mhexo-generator-index\u001b[39m","time":"2021-11-17T03:20:12.043Z","v":0}
{"name":"hexo","hostname":"LAPTOP-H3MF430Q","pid":10536,"level":20,"msg":"Plugin loaded: \u001b[35mhexo-generator-search\u001b[39m","time":"2021-11-17T03:20:12.045Z","v":0}
{"name":"hexo","hostname":"LAPTOP-H3MF430Q","pid":10536,"level":20,"msg":"Plugin loaded: \u001b[35mhexo-generator-sitemap\u001b[39m","time":"2021-11-17T03:20:12.049Z","v":0}
{"name":"hexo","hostname":"LAPTOP-H3MF430Q","pid":10536,"level":20,"msg":"Plugin loaded: \u001b[35mhexo-generator-tag\u001b[39m","time":"2021-11-17T03:20:12.053Z","v":0}
{"name":"hexo","hostname":"LAPTOP-H3MF430Q","pid":10536,"level":20,"msg":"Plugin loaded: \u001b[35mhexo-prism-plugin\u001b[39m","time":"2021-11-17T03:20:12.441Z","v":0}
{"name":"hexo","hostname":"LAPTOP-H3MF430Q","pid":10536,"level":20,"msg":"Plugin loaded: \u001b[35mhexo-permalink-pinyin\u001b[39m","time":"2021-11-17T03:20:12.454Z","v":0}
{"name":"hexo","hostname":"LAPTOP-H3MF430Q","pid":10536,"level":20,"msg":"Plugin loaded: \u001b[35mhexo-helper-live2d\u001b[39m","time":"2021-11-17T03:20:12.477Z","v":0}
{"name":"hexo","hostname":"LAPTOP-H3MF430Q","pid":10536,"level":20,"msg":"Plugin loaded: \u001b[35mhexo-renderer-marked\u001b[39m","time":"2021-11-17T03:20:12.485Z","v":0}
{"name":"hexo","hostname":"LAPTOP-H3MF430Q","pid":10536,"level":20,"msg":"Plugin loaded: \u001b[35mhexo-renderer-stylus\u001b[39m","time":"2021-11-17T03:20:12.487Z","v":0}
{"name":"hexo","hostname":"LAPTOP-H3MF430Q","pid":10536,"level":20,"msg":"Plugin loaded: \u001b[35mhexo-renderer-ejs\u001b[39m","time":"2021-11-17T03:20:12.493Z","v":0}
{"name":"hexo","hostname":"LAPTOP-H3MF430Q","pid":10536,"level":20,"msg":"Plugin loaded: \u001b[35mhexo-server\u001b[39m","time":"2021-11-17T03:20:12.581Z","v":0}
{"name":"hexo","hostname":"LAPTOP-H3MF430Q","pid":10536,"level":20,"msg":"Plugin loaded: \u001b[35mhexo-wordcount\u001b[39m","time":"2021-11-17T03:20:12.583Z","v":0}
{"name":"hexo","hostname":"LAPTOP-H3MF430Q","pid":10536,"level":20,"msg":"Script loaded: \u001b[35mscripts\\loading-pages.js\u001b[39m","time":"2021-11-17T03:20:12.587Z","v":0}
{"name":"hexo","hostname":"LAPTOP-H3MF430Q","pid":10536,"level":20,"msg":"Loading database.","time":"2021-11-17T03:20:12.593Z","v":0}
{"name":"hexo","hostname":"LAPTOP-H3MF430Q","pid":10536,"level":30,"msg":"Start processing","time":"2021-11-17T03:20:12.774Z","v":0}
{"name":"hexo","hostname":"LAPTOP-H3MF430Q","pid":10536,"level":20,"msg":"Processed: \u001b[35mdebug.log\u001b[39m","time":"2021-11-17T03:20:12.820Z","v":0}
{"name":"hexo","hostname":"LAPTOP-H3MF430Q","pid":10536,"level":20,"msg":"Processed: \u001b[35m404.md\u001b[39m","time":"2021-11-17T03:20:12.831Z","v":0}
{"name":"hexo","hostname":"LAPTOP-H3MF430Q","pid":10536,"level":20,"msg":"Processed: \u001b[35mCNAME\u001b[39m","time":"2021-11-17T03:20:12.832Z","v":0}
{"name":"hexo","hostname":"LAPTOP-H3MF430Q","pid":10536,"level":20,"msg":"Processed: \u001b[35mrobots.txt\u001b[39m","time":"2021-11-17T03:20:12.845Z","v":0}
{"name":"hexo","hostname":"LAPTOP-H3MF430Q","pid":10536,"level":20,"msg":"Processed: \u001b[35m_data/musics.json\u001b[39m","time":"2021-11-17T03:20:12.873Z","v":0}
{"name":"hexo","hostname":"LAPTOP-H3MF430Q","pid":10536,"level":20,"msg":"Processed: \u001b[35m_data/friends.json\u001b[39m","time":"2021-11-17T03:20:12.874Z","v":0}
{"name":"hexo","hostname":"LAPTOP-H3MF430Q","pid":10536,"level":20,"msg":"Processed: \u001b[35m_posts/1.md\u001b[39m","time":"2021-11-17T03:20:12.874Z","v":0}
{"name":"hexo","hostname":"LAPTOP-H3MF430Q","pid":10536,"level":20,"msg":"Processed: \u001b[35m_posts/2.md\u001b[39m","time":"2021-11-17T03:20:12.874Z","v":0}
{"name":"hexo","hostname":"LAPTOP-H3MF430Q","pid":10536,"level":20,"msg":"Processed: \u001b[35m_posts/3.md\u001b[39m","time":"2021-11-17T03:20:12.875Z","v":0}
{"name":"hexo","hostname":"LAPTOP-H3MF430Q","pid":10536,"level":20,"msg":"Processed: \u001b[35m_posts/4.md\u001b[39m","time":"2021-11-17T03:20:12.875Z","v":0}
{"name":"hexo","hostname":"LAPTOP-H3MF430Q","pid":10536,"level":20,"msg":"Processed: \u001b[35m_posts/5.md\u001b[39m","time":"2021-11-17T03:20:12.875Z","v":0}
{"name":"hexo","hostname":"LAPTOP-H3MF430Q","pid":10536,"level":20,"msg":"Processed: \u001b[35m_posts/6-AjaxNotes.md\u001b[39m","time":"2021-11-17T03:20:12.876Z","v":0}
{"name":"hexo","hostname":"LAPTOP-H3MF430Q","pid":10536,"level":20,"msg":"Processed: \u001b[35m_posts/VMware-安装-CentOS-8-1-完整教程.md\u001b[39m","time":"2021-11-17T03:20:12.876Z","v":0}
{"name":"hexo","hostname":"LAPTOP-H3MF430Q","pid":10536,"level":20,"msg":"Processed: \u001b[35mabout/index.md\u001b[39m","time":"2021-11-17T03:20:12.876Z","v":0}
{"name":"hexo","hostname":"LAPTOP-H3MF430Q","pid":10536,"level":20,"msg":"Processed: \u001b[35marchives/index.md\u001b[39m","time":"2021-11-17T03:20:12.877Z","v":0}
{"name":"hexo","hostname":"LAPTOP-H3MF430Q","pid":10536,"level":20,"msg":"Processed: \u001b[35mcategories/index.md\u001b[39m","time":"2021-11-17T03:20:12.877Z","v":0}
{"name":"hexo","hostname":"LAPTOP-H3MF430Q","pid":10536,"level":20,"msg":"Processed: \u001b[35mcontact/index.md\u001b[39m","time":"2021-11-17T03:20:12.877Z","v":0}
{"name":"hexo","hostname":"LAPTOP-H3MF430Q","pid":10536,"level":20,"msg":"Processed: \u001b[35mfriends/index.md\u001b[39m","time":"2021-11-17T03:20:12.878Z","v":0}
{"name":"hexo","hostname":"LAPTOP-H3MF430Q","pid":10536,"level":20,"msg":"Processed: \u001b[35mtags/index.md\u001b[39m","time":"2021-11-17T03:20:12.904Z","v":0}
{"name":"hexo","hostname":"LAPTOP-H3MF430Q","pid":10536,"level":20,"msg":"Processed: \u001b[35msource/favicon.png\u001b[39m","time":"2021-11-17T03:20:12.905Z","v":0}
{"name":"hexo","hostname":"LAPTOP-H3MF430Q","pid":10536,"level":20,"msg":"Processed: \u001b[35m_posts/6/1.png\u001b[39m","time":"2021-11-17T03:20:12.941Z","v":0}
{"name":"hexo","hostname":"LAPTOP-H3MF430Q","pid":10536,"level":20,"msg":"Processed: \u001b[35m_posts/6/2.png\u001b[39m","time":"2021-11-17T03:20:12.941Z","v":0}
{"name":"hexo","hostname":"LAPTOP-H3MF430Q","pid":10536,"level":20,"msg":"Processed: \u001b[35m_posts/6/4.png\u001b[39m","time":"2021-11-17T03:20:12.942Z","v":0}
{"name":"hexo","hostname":"LAPTOP-H3MF430Q","pid":10536,"level":20,"msg":"Processed: \u001b[35m_posts/2/error1.png\u001b[39m","time":"2021-11-17T03:20:12.943Z","v":0}
{"name":"hexo","hostname":"LAPTOP-H3MF430Q","pid":10536,"level":20,"msg":"Processed: \u001b[35m_posts/2/error2.png\u001b[39m","time":"2021-11-17T03:20:12.945Z","v":0}
{"name":"hexo","hostname":"LAPTOP-H3MF430Q","pid":10536,"level":20,"msg":"Processed: \u001b[35m_posts/4/MainProcess.png\u001b[39m","time":"2021-11-17T03:20:12.946Z","v":0}
{"name":"hexo","hostname":"LAPTOP-H3MF430Q","pid":10536,"level":20,"msg":"Processed: \u001b[35m_posts/5/maze.png\u001b[39m","time":"2021-11-17T03:20:12.946Z","v":0}
{"name":"hexo","hostname":"LAPTOP-H3MF430Q","pid":10536,"level":20,"msg":"Theme config loaded.","time":"2021-11-17T03:20:13.000Z","v":0}
{"name":"hexo","hostname":"LAPTOP-H3MF430Q","pid":10536,"level":20,"msg":"Processed: \u001b[35m_posts/6/3.png\u001b[39m","time":"2021-11-17T03:20:13.007Z","v":0}
{"name":"hexo","hostname":"LAPTOP-H3MF430Q","pid":10536,"level":20,"msg":"Processed: \u001b[35m_posts/6/express.png\u001b[39m","time":"2021-11-17T03:20:13.007Z","v":0}
{"name":"hexo","hostname":"LAPTOP-H3MF430Q","pid":10536,"level":20,"msg":"Processed: \u001b[35m_config.yml\u001b[39m","time":"2021-11-17T03:20:13.009Z","v":0}
{"name":"hexo","hostname":"LAPTOP-H3MF430Q","pid":10536,"level":20,"msg":"Processed: \u001b[35m_posts/2/3.png\u001b[39m","time":"2021-11-17T03:20:13.009Z","v":0}
{"name":"hexo","hostname":"LAPTOP-H3MF430Q","pid":10536,"level":20,"msg":"Processed: \u001b[35mfriends/images/image.jpg\u001b[39m","time":"2021-11-17T03:20:13.010Z","v":0}
{"name":"hexo","hostname":"LAPTOP-H3MF430Q","pid":10536,"level":20,"msg":"Processed: \u001b[35msource/css/matery.css\u001b[39m","time":"2021-11-17T03:20:13.011Z","v":0}
{"name":"hexo","hostname":"LAPTOP-H3MF430Q","pid":10536,"level":20,"msg":"Processed: \u001b[35m_posts/4/2.png\u001b[39m","time":"2021-11-17T03:20:13.012Z","v":0}
{"name":"hexo","hostname":"LAPTOP-H3MF430Q","pid":10536,"level":20,"msg":"Processed: \u001b[35msource/css/gitment.css\u001b[39m","time":"2021-11-17T03:20:13.012Z","v":0}
{"name":"hexo","hostname":"LAPTOP-H3MF430Q","pid":10536,"level":20,"msg":"Processed: \u001b[35m_posts/4/3.png\u001b[39m","time":"2021-11-17T03:20:13.013Z","v":0}
{"name":"hexo","hostname":"LAPTOP-H3MF430Q","pid":10536,"level":20,"msg":"Processed: \u001b[35msource/css/my-gitalk.css\u001b[39m","time":"2021-11-17T03:20:13.013Z","v":0}
{"name":"hexo","hostname":"LAPTOP-H3MF430Q","pid":10536,"level":20,"msg":"Processed: \u001b[35msource/css/my.css\u001b[39m","time":"2021-11-17T03:20:13.014Z","v":0}
{"name":"hexo","hostname":"LAPTOP-H3MF430Q","pid":10536,"level":20,"msg":"Processed: \u001b[35msource/js/matery.js\u001b[39m","time":"2021-11-17T03:20:13.014Z","v":0}
{"name":"hexo","hostname":"LAPTOP-H3MF430Q","pid":10536,"level":20,"msg":"Processed: \u001b[35msource/js/click_show_text.js\u001b[39m","time":"2021-11-17T03:20:13.015Z","v":0}
{"name":"hexo","hostname":"LAPTOP-H3MF430Q","pid":10536,"level":20,"msg":"Processed: \u001b[35msource/js/search.js\u001b[39m","time":"2021-11-17T03:20:13.015Z","v":0}
{"name":"hexo","hostname":"LAPTOP-H3MF430Q","pid":10536,"level":20,"msg":"Processed: \u001b[35msource/medias/logo.png\u001b[39m","time":"2021-11-17T03:20:13.016Z","v":0}
{"name":"hexo","hostname":"LAPTOP-H3MF430Q","pid":10536,"level":20,"msg":"Processed: \u001b[35m_posts/4/1.png\u001b[39m","time":"2021-11-17T03:20:13.073Z","v":0}
{"name":"hexo","hostname":"LAPTOP-H3MF430Q","pid":10536,"level":20,"msg":"Processed: \u001b[35mlayout/404.ejs\u001b[39m","time":"2021-11-17T03:20:13.121Z","v":0}
{"name":"hexo","hostname":"LAPTOP-H3MF430Q","pid":10536,"level":20,"msg":"Processed: \u001b[35mlayout/about.ejs\u001b[39m","time":"2021-11-17T03:20:13.122Z","v":0}
{"name":"hexo","hostname":"LAPTOP-H3MF430Q","pid":10536,"level":20,"msg":"Processed: \u001b[35mlayout/archive.ejs\u001b[39m","time":"2021-11-17T03:20:13.123Z","v":0}
{"name":"hexo","hostname":"LAPTOP-H3MF430Q","pid":10536,"level":20,"msg":"Processed: \u001b[35mlayout/categories.ejs\u001b[39m","time":"2021-11-17T03:20:13.123Z","v":0}
{"name":"hexo","hostname":"LAPTOP-H3MF430Q","pid":10536,"level":20,"msg":"Processed: \u001b[35mlayout/category.ejs\u001b[39m","time":"2021-11-17T03:20:13.124Z","v":0}
{"name":"hexo","hostname":"LAPTOP-H3MF430Q","pid":10536,"level":20,"msg":"Processed: \u001b[35mlayout/friends.ejs\u001b[39m","time":"2021-11-17T03:20:13.124Z","v":0}
{"name":"hexo","hostname":"LAPTOP-H3MF430Q","pid":10536,"level":20,"msg":"Processed: \u001b[35mlayout/contact.ejs\u001b[39m","time":"2021-11-17T03:20:13.125Z","v":0}
{"name":"hexo","hostname":"LAPTOP-H3MF430Q","pid":10536,"level":20,"msg":"Processed: \u001b[35mlayout/index.ejs\u001b[39m","time":"2021-11-17T03:20:13.125Z","v":0}
{"name":"hexo","hostname":"LAPTOP-H3MF430Q","pid":10536,"level":20,"msg":"Processed: \u001b[35mlayout/post.ejs\u001b[39m","time":"2021-11-17T03:20:13.125Z","v":0}
{"name":"hexo","hostname":"LAPTOP-H3MF430Q","pid":10536,"level":20,"msg":"Processed: \u001b[35mlayout/layout.ejs\u001b[39m","time":"2021-11-17T03:20:13.126Z","v":0}
{"name":"hexo","hostname":"LAPTOP-H3MF430Q","pid":10536,"level":20,"msg":"Processed: \u001b[35mlayout/tag.ejs\u001b[39m","time":"2021-11-17T03:20:13.126Z","v":0}
{"name":"hexo","hostname":"LAPTOP-H3MF430Q","pid":10536,"level":20,"msg":"Processed: \u001b[35mlayout/tags.ejs\u001b[39m","time":"2021-11-17T03:20:13.126Z","v":0}
{"name":"hexo","hostname":"LAPTOP-H3MF430Q","pid":10536,"level":20,"msg":"Processed: \u001b[35mlanguages/default.yml\u001b[39m","time":"2021-11-17T03:20:13.132Z","v":0}
{"name":"hexo","hostname":"LAPTOP-H3MF430Q","pid":10536,"level":20,"msg":"Processed: \u001b[35mlanguages/zh-CN.yml\u001b[39m","time":"2021-11-17T03:20:13.132Z","v":0}
{"name":"hexo","hostname":"LAPTOP-H3MF430Q","pid":10536,"level":20,"msg":"Processed: \u001b[35msource/libs/animate/animate.min.css\u001b[39m","time":"2021-11-17T03:20:13.133Z","v":0}
{"name":"hexo","hostname":"LAPTOP-H3MF430Q","pid":10536,"level":20,"msg":"Processed: \u001b[35msource/libs/aos/aos.js\u001b[39m","time":"2021-11-17T03:20:13.135Z","v":0}
{"name":"hexo","hostname":"LAPTOP-H3MF430Q","pid":10536,"level":20,"msg":"Processed: \u001b[35msource/libs/aos/aos.css\u001b[39m","time":"2021-11-17T03:20:13.136Z","v":0}
{"name":"hexo","hostname":"LAPTOP-H3MF430Q","pid":10536,"level":20,"msg":"Processed: \u001b[35msource/libs/codeBlock/clipboard.min.js\u001b[39m","time":"2021-11-17T03:20:13.137Z","v":0}
{"name":"hexo","hostname":"LAPTOP-H3MF430Q","pid":10536,"level":20,"msg":"Processed: \u001b[35msource/libs/codeBlock/codeBlockFuction.js\u001b[39m","time":"2021-11-17T03:20:13.137Z","v":0}
{"name":"hexo","hostname":"LAPTOP-H3MF430Q","pid":10536,"level":20,"msg":"Processed: \u001b[35msource/libs/codeBlock/codeCopy.js\u001b[39m","time":"2021-11-17T03:20:13.138Z","v":0}
{"name":"hexo","hostname":"LAPTOP-H3MF430Q","pid":10536,"level":20,"msg":"Processed: \u001b[35msource/libs/codeBlock/codeLang.js\u001b[39m","time":"2021-11-17T03:20:13.139Z","v":0}
{"name":"hexo","hostname":"LAPTOP-H3MF430Q","pid":10536,"level":20,"msg":"Processed: \u001b[35msource/libs/codeBlock/codeShrink.js\u001b[39m","time":"2021-11-17T03:20:13.139Z","v":0}
{"name":"hexo","hostname":"LAPTOP-H3MF430Q","pid":10536,"level":20,"msg":"Processed: \u001b[35msource/libs/cryptojs/crypto-js.min.js\u001b[39m","time":"2021-11-17T03:20:13.139Z","v":0}
{"name":"hexo","hostname":"LAPTOP-H3MF430Q","pid":10536,"level":20,"msg":"Processed: \u001b[35msource/libs/dplayer/DPlayer.min.css\u001b[39m","time":"2021-11-17T03:20:13.140Z","v":0}
{"name":"hexo","hostname":"LAPTOP-H3MF430Q","pid":10536,"level":20,"msg":"Processed: \u001b[35msource/libs/gitalk/gitalk.css\u001b[39m","time":"2021-11-17T03:20:13.140Z","v":0}
{"name":"hexo","hostname":"LAPTOP-H3MF430Q","pid":10536,"level":20,"msg":"Processed: \u001b[35msource/libs/gitment/gitment-default.css\u001b[39m","time":"2021-11-17T03:20:13.141Z","v":0}
{"name":"hexo","hostname":"LAPTOP-H3MF430Q","pid":10536,"level":20,"msg":"Processed: \u001b[35msource/libs/jqcloud/jqcloud-1.0.4.min.js\u001b[39m","time":"2021-11-17T03:20:13.141Z","v":0}
{"name":"hexo","hostname":"LAPTOP-H3MF430Q","pid":10536,"level":20,"msg":"Processed: \u001b[35msource/libs/jqcloud/jqcloud.css\u001b[39m","time":"2021-11-17T03:20:13.142Z","v":0}
{"name":"hexo","hostname":"LAPTOP-H3MF430Q","pid":10536,"level":20,"msg":"Processed: \u001b[35msource/libs/masonry/masonry.pkgd.min.js\u001b[39m","time":"2021-11-17T03:20:13.143Z","v":0}
{"name":"hexo","hostname":"LAPTOP-H3MF430Q","pid":10536,"level":20,"msg":"Processed: \u001b[35msource/libs/others/busuanzi.pure.mini.js\u001b[39m","time":"2021-11-17T03:20:13.143Z","v":0}
{"name":"hexo","hostname":"LAPTOP-H3MF430Q","pid":10536,"level":20,"msg":"Processed: \u001b[35msource/libs/others/clicklove.js\u001b[39m","time":"2021-11-17T03:20:13.144Z","v":0}
{"name":"hexo","hostname":"LAPTOP-H3MF430Q","pid":10536,"level":20,"msg":"Processed: \u001b[35msource/libs/others/explosion.min.js\u001b[39m","time":"2021-11-17T03:20:13.144Z","v":0}
{"name":"hexo","hostname":"LAPTOP-H3MF430Q","pid":10536,"level":20,"msg":"Processed: \u001b[35msource/libs/others/fireworks.js\u001b[39m","time":"2021-11-17T03:20:13.145Z","v":0}
{"name":"hexo","hostname":"LAPTOP-H3MF430Q","pid":10536,"level":20,"msg":"Processed: \u001b[35msource/libs/others/snow.js\u001b[39m","time":"2021-11-17T03:20:13.146Z","v":0}
{"name":"hexo","hostname":"LAPTOP-H3MF430Q","pid":10536,"level":20,"msg":"Processed: \u001b[35msource/libs/others/text.js\u001b[39m","time":"2021-11-17T03:20:13.146Z","v":0}
{"name":"hexo","hostname":"LAPTOP-H3MF430Q","pid":10536,"level":20,"msg":"Processed: \u001b[35msource/libs/scrollprogress/scrollProgress.min.js\u001b[39m","time":"2021-11-17T03:20:13.147Z","v":0}
{"name":"hexo","hostname":"LAPTOP-H3MF430Q","pid":10536,"level":20,"msg":"Processed: \u001b[35msource/libs/tocbot/tocbot.css\u001b[39m","time":"2021-11-17T03:20:13.147Z","v":0}
{"name":"hexo","hostname":"LAPTOP-H3MF430Q","pid":10536,"level":20,"msg":"Processed: \u001b[35msource/libs/tocbot/tocbot.min.js\u001b[39m","time":"2021-11-17T03:20:13.148Z","v":0}
{"name":"hexo","hostname":"LAPTOP-H3MF430Q","pid":10536,"level":20,"msg":"Processed: \u001b[35msource/medias/avatars/myzhihu.png\u001b[39m","time":"2021-11-17T03:20:13.149Z","v":0}
{"name":"hexo","hostname":"LAPTOP-H3MF430Q","pid":10536,"level":20,"msg":"Processed: \u001b[35msource/medias/featureimages/9.jpg\u001b[39m","time":"2021-11-17T03:20:13.150Z","v":0}
{"name":"hexo","hostname":"LAPTOP-H3MF430Q","pid":10536,"level":20,"msg":"Processed: \u001b[35msource/libs/aplayer/APlayer.min.css\u001b[39m","time":"2021-11-17T03:20:13.176Z","v":0}
{"name":"hexo","hostname":"LAPTOP-H3MF430Q","pid":10536,"level":20,"msg":"Processed: \u001b[35msource/libs/aplayer/APlayer.min.js\u001b[39m","time":"2021-11-17T03:20:13.177Z","v":0}
{"name":"hexo","hostname":"LAPTOP-H3MF430Q","pid":10536,"level":20,"msg":"Processed: \u001b[35msource/libs/gitment/gitment.js\u001b[39m","time":"2021-11-17T03:20:13.177Z","v":0}
{"name":"hexo","hostname":"LAPTOP-H3MF430Q","pid":10536,"level":20,"msg":"Processed: \u001b[35msource/libs/jquery/jquery-2.2.0.min.js\u001b[39m","time":"2021-11-17T03:20:13.178Z","v":0}
{"name":"hexo","hostname":"LAPTOP-H3MF430Q","pid":10536,"level":20,"msg":"Processed: \u001b[35msource/libs/valine/Valine.min.js\u001b[39m","time":"2021-11-17T03:20:13.178Z","v":0}
{"name":"hexo","hostname":"LAPTOP-H3MF430Q","pid":10536,"level":20,"msg":"Processed: \u001b[35msource/medias/featureimages/14.jpg\u001b[39m","time":"2021-11-17T03:20:13.179Z","v":0}
{"name":"hexo","hostname":"LAPTOP-H3MF430Q","pid":10536,"level":20,"msg":"Processed: \u001b[35msource/medias/featureimages/21.jpg\u001b[39m","time":"2021-11-17T03:20:13.179Z","v":0}
{"name":"hexo","hostname":"LAPTOP-H3MF430Q","pid":10536,"level":20,"msg":"Processed: \u001b[35msource/medias/featureimages/27.jpg\u001b[39m","time":"2021-11-17T03:20:13.180Z","v":0}
{"name":"hexo","hostname":"LAPTOP-H3MF430Q","pid":10536,"level":20,"msg":"Processed: \u001b[35msource/medias/featureimages/35.jpg\u001b[39m","time":"2021-11-17T03:20:13.180Z","v":0}
{"name":"hexo","hostname":"LAPTOP-H3MF430Q","pid":10536,"level":20,"msg":"Processed: \u001b[35msource/medias/featureimages/37.jpg\u001b[39m","time":"2021-11-17T03:20:13.181Z","v":0}
{"name":"hexo","hostname":"LAPTOP-H3MF430Q","pid":10536,"level":20,"msg":"Processed: \u001b[35msource/medias/featureimages/38.jpg\u001b[39m","time":"2021-11-17T03:20:13.182Z","v":0}
{"name":"hexo","hostname":"LAPTOP-H3MF430Q","pid":10536,"level":20,"msg":"Processed: \u001b[35msource/medias/featureimages/36.jpg\u001b[39m","time":"2021-11-17T03:20:13.182Z","v":0}
{"name":"hexo","hostname":"LAPTOP-H3MF430Q","pid":10536,"level":20,"msg":"Processed: \u001b[35msource/medias/featureimages/47.jpg\u001b[39m","time":"2021-11-17T03:20:13.183Z","v":0}
{"name":"hexo","hostname":"LAPTOP-H3MF430Q","pid":10536,"level":20,"msg":"Processed: \u001b[35msource/medias/reward/wechat.png\u001b[39m","time":"2021-11-17T03:20:13.183Z","v":0}
{"name":"hexo","hostname":"LAPTOP-H3MF430Q","pid":10536,"level":20,"msg":"Processed: \u001b[35mlayout/_partial/back-top.ejs\u001b[39m","time":"2021-11-17T03:20:13.243Z","v":0}
{"name":"hexo","hostname":"LAPTOP-H3MF430Q","pid":10536,"level":20,"msg":"Processed: \u001b[35mlayout/_partial/bg-cover-content.ejs\u001b[39m","time":"2021-11-17T03:20:13.243Z","v":0}
{"name":"hexo","hostname":"LAPTOP-H3MF430Q","pid":10536,"level":20,"msg":"Processed: \u001b[35mlayout/_partial/bg-cover.ejs\u001b[39m","time":"2021-11-17T03:20:13.244Z","v":0}
{"name":"hexo","hostname":"LAPTOP-H3MF430Q","pid":10536,"level":20,"msg":"Processed: \u001b[35mlayout/_partial/disqus.ejs\u001b[39m","time":"2021-11-17T03:20:13.244Z","v":0}
{"name":"hexo","hostname":"LAPTOP-H3MF430Q","pid":10536,"level":20,"msg":"Processed: \u001b[35mlayout/_partial/footer.ejs\u001b[39m","time":"2021-11-17T03:20:13.245Z","v":0}
{"name":"hexo","hostname":"LAPTOP-H3MF430Q","pid":10536,"level":20,"msg":"Processed: \u001b[35mlayout/_partial/gitalk.ejs\u001b[39m","time":"2021-11-17T03:20:13.245Z","v":0}
{"name":"hexo","hostname":"LAPTOP-H3MF430Q","pid":10536,"level":20,"msg":"Processed: \u001b[35mlayout/_partial/github-link.ejs\u001b[39m","time":"2021-11-17T03:20:13.245Z","v":0}
{"name":"hexo","hostname":"LAPTOP-H3MF430Q","pid":10536,"level":20,"msg":"Processed: \u001b[35mlayout/_partial/google-analytics.ejs\u001b[39m","time":"2021-11-17T03:20:13.246Z","v":0}
{"name":"hexo","hostname":"LAPTOP-H3MF430Q","pid":10536,"level":20,"msg":"Processed: \u001b[35mlayout/_partial/gitment.ejs\u001b[39m","time":"2021-11-17T03:20:13.246Z","v":0}
{"name":"hexo","hostname":"LAPTOP-H3MF430Q","pid":10536,"level":20,"msg":"Processed: \u001b[35mlayout/_partial/head.ejs\u001b[39m","time":"2021-11-17T03:20:13.246Z","v":0}
{"name":"hexo","hostname":"LAPTOP-H3MF430Q","pid":10536,"level":20,"msg":"Processed: \u001b[35mlayout/_partial/header.ejs\u001b[39m","time":"2021-11-17T03:20:13.247Z","v":0}
{"name":"hexo","hostname":"LAPTOP-H3MF430Q","pid":10536,"level":20,"msg":"Processed: \u001b[35mlayout/_partial/index-cover.ejs\u001b[39m","time":"2021-11-17T03:20:13.247Z","v":0}
{"name":"hexo","hostname":"LAPTOP-H3MF430Q","pid":10536,"level":20,"msg":"Processed: \u001b[35mlayout/_partial/livere.ejs\u001b[39m","time":"2021-11-17T03:20:13.247Z","v":0}
{"name":"hexo","hostname":"LAPTOP-H3MF430Q","pid":10536,"level":20,"msg":"Processed: \u001b[35mlayout/_partial/mobile-nav.ejs\u001b[39m","time":"2021-11-17T03:20:13.248Z","v":0}
{"name":"hexo","hostname":"LAPTOP-H3MF430Q","pid":10536,"level":20,"msg":"Processed: \u001b[35mlayout/_partial/paging.ejs\u001b[39m","time":"2021-11-17T03:20:13.248Z","v":0}
{"name":"hexo","hostname":"LAPTOP-H3MF430Q","pid":10536,"level":20,"msg":"Processed: \u001b[35mlayout/_partial/navigation.ejs\u001b[39m","time":"2021-11-17T03:20:13.248Z","v":0}
{"name":"hexo","hostname":"LAPTOP-H3MF430Q","pid":10536,"level":20,"msg":"Processed: \u001b[35mlayout/_partial/post-cover.ejs\u001b[39m","time":"2021-11-17T03:20:13.248Z","v":0}
{"name":"hexo","hostname":"LAPTOP-H3MF430Q","pid":10536,"level":20,"msg":"Processed: \u001b[35mlayout/_partial/post-detail.ejs\u001b[39m","time":"2021-11-17T03:20:13.249Z","v":0}
{"name":"hexo","hostname":"LAPTOP-H3MF430Q","pid":10536,"level":20,"msg":"Processed: \u001b[35mlayout/_partial/post-statis.ejs\u001b[39m","time":"2021-11-17T03:20:13.249Z","v":0}
{"name":"hexo","hostname":"LAPTOP-H3MF430Q","pid":10536,"level":20,"msg":"Processed: \u001b[35mlayout/_partial/post-detail-toc.ejs\u001b[39m","time":"2021-11-17T03:20:13.249Z","v":0}
{"name":"hexo","hostname":"LAPTOP-H3MF430Q","pid":10536,"level":20,"msg":"Processed: \u001b[35mlayout/_partial/reprint-statement.ejs\u001b[39m","time":"2021-11-17T03:20:13.249Z","v":0}
{"name":"hexo","hostname":"LAPTOP-H3MF430Q","pid":10536,"level":20,"msg":"Processed: \u001b[35mlayout/_partial/reward.ejs\u001b[39m","time":"2021-11-17T03:20:13.249Z","v":0}
{"name":"hexo","hostname":"LAPTOP-H3MF430Q","pid":10536,"level":20,"msg":"Processed: \u001b[35mlayout/_partial/prev-next.ejs\u001b[39m","time":"2021-11-17T03:20:13.250Z","v":0}
{"name":"hexo","hostname":"LAPTOP-H3MF430Q","pid":10536,"level":20,"msg":"Processed: \u001b[35mlayout/_partial/search.ejs\u001b[39m","time":"2021-11-17T03:20:13.252Z","v":0}
{"name":"hexo","hostname":"LAPTOP-H3MF430Q","pid":10536,"level":20,"msg":"Processed: \u001b[35mlayout/_partial/share.ejs\u001b[39m","time":"2021-11-17T03:20:13.253Z","v":0}
{"name":"hexo","hostname":"LAPTOP-H3MF430Q","pid":10536,"level":20,"msg":"Processed: \u001b[35mlayout/_partial/social-link.ejs\u001b[39m","time":"2021-11-17T03:20:13.254Z","v":0}
{"name":"hexo","hostname":"LAPTOP-H3MF430Q","pid":10536,"level":20,"msg":"Processed: \u001b[35mlayout/_widget/category-cloud.ejs\u001b[39m","time":"2021-11-17T03:20:13.254Z","v":0}
{"name":"hexo","hostname":"LAPTOP-H3MF430Q","pid":10536,"level":20,"msg":"Processed: \u001b[35mlayout/_partial/valine.ejs\u001b[39m","time":"2021-11-17T03:20:13.254Z","v":0}
{"name":"hexo","hostname":"LAPTOP-H3MF430Q","pid":10536,"level":20,"msg":"Processed: \u001b[35mlayout/_widget/category-radar.ejs\u001b[39m","time":"2021-11-17T03:20:13.255Z","v":0}
{"name":"hexo","hostname":"LAPTOP-H3MF430Q","pid":10536,"level":20,"msg":"Processed: \u001b[35mlayout/_widget/dream.ejs\u001b[39m","time":"2021-11-17T03:20:13.255Z","v":0}
{"name":"hexo","hostname":"LAPTOP-H3MF430Q","pid":10536,"level":20,"msg":"Processed: \u001b[35mlayout/_widget/my-gallery.ejs\u001b[39m","time":"2021-11-17T03:20:13.256Z","v":0}
{"name":"hexo","hostname":"LAPTOP-H3MF430Q","pid":10536,"level":20,"msg":"Processed: \u001b[35mlayout/_widget/music.ejs\u001b[39m","time":"2021-11-17T03:20:13.256Z","v":0}
{"name":"hexo","hostname":"LAPTOP-H3MF430Q","pid":10536,"level":20,"msg":"Processed: \u001b[35mlayout/_widget/my-skills.ejs\u001b[39m","time":"2021-11-17T03:20:13.256Z","v":0}
{"name":"hexo","hostname":"LAPTOP-H3MF430Q","pid":10536,"level":20,"msg":"Processed: \u001b[35mlayout/_widget/my-projects.ejs\u001b[39m","time":"2021-11-17T03:20:13.257Z","v":0}
{"name":"hexo","hostname":"LAPTOP-H3MF430Q","pid":10536,"level":20,"msg":"Processed: \u001b[35mlayout/_widget/post-calendar.ejs\u001b[39m","time":"2021-11-17T03:20:13.257Z","v":0}
{"name":"hexo","hostname":"LAPTOP-H3MF430Q","pid":10536,"level":20,"msg":"Processed: \u001b[35mlayout/_widget/post-charts.ejs\u001b[39m","time":"2021-11-17T03:20:13.257Z","v":0}
{"name":"hexo","hostname":"LAPTOP-H3MF430Q","pid":10536,"level":20,"msg":"Processed: \u001b[35mlayout/_widget/recommend.ejs\u001b[39m","time":"2021-11-17T03:20:13.258Z","v":0}
{"name":"hexo","hostname":"LAPTOP-H3MF430Q","pid":10536,"level":20,"msg":"Processed: \u001b[35mlayout/_widget/tag-cloud.ejs\u001b[39m","time":"2021-11-17T03:20:13.258Z","v":0}
{"name":"hexo","hostname":"LAPTOP-H3MF430Q","pid":10536,"level":20,"msg":"Processed: \u001b[35mlayout/_widget/tag-wordcloud.ejs\u001b[39m","time":"2021-11-17T03:20:13.258Z","v":0}
{"name":"hexo","hostname":"LAPTOP-H3MF430Q","pid":10536,"level":20,"msg":"Processed: \u001b[35mlayout/_widget/video.ejs\u001b[39m","time":"2021-11-17T03:20:13.259Z","v":0}
{"name":"hexo","hostname":"LAPTOP-H3MF430Q","pid":10536,"level":20,"msg":"Processed: \u001b[35msource/libs/awesome/css/font-awesome.min.css\u001b[39m","time":"2021-11-17T03:20:13.274Z","v":0}
{"name":"hexo","hostname":"LAPTOP-H3MF430Q","pid":10536,"level":20,"msg":"Processed: \u001b[35msource/libs/lightGallery/css/lightgallery.min.css\u001b[39m","time":"2021-11-17T03:20:13.275Z","v":0}
{"name":"hexo","hostname":"LAPTOP-H3MF430Q","pid":10536,"level":20,"msg":"Processed: \u001b[35msource/libs/lightGallery/fonts/lg.eot\u001b[39m","time":"2021-11-17T03:20:13.276Z","v":0}
{"name":"hexo","hostname":"LAPTOP-H3MF430Q","pid":10536,"level":20,"msg":"Processed: \u001b[35msource/libs/lightGallery/fonts/lg.svg\u001b[39m","time":"2021-11-17T03:20:13.277Z","v":0}
{"name":"hexo","hostname":"LAPTOP-H3MF430Q","pid":10536,"level":20,"msg":"Processed: \u001b[35msource/libs/lightGallery/fonts/lg.ttf\u001b[39m","time":"2021-11-17T03:20:13.278Z","v":0}
{"name":"hexo","hostname":"LAPTOP-H3MF430Q","pid":10536,"level":20,"msg":"Processed: \u001b[35msource/libs/lightGallery/fonts/lg.woff\u001b[39m","time":"2021-11-17T03:20:13.278Z","v":0}
{"name":"hexo","hostname":"LAPTOP-H3MF430Q","pid":10536,"level":20,"msg":"Processed: \u001b[35msource/libs/lightGallery/img/loading.gif\u001b[39m","time":"2021-11-17T03:20:13.279Z","v":0}
{"name":"hexo","hostname":"LAPTOP-H3MF430Q","pid":10536,"level":20,"msg":"Processed: \u001b[35msource/libs/lightGallery/img/video-play.png\u001b[39m","time":"2021-11-17T03:20:13.280Z","v":0}
{"name":"hexo","hostname":"LAPTOP-H3MF430Q","pid":10536,"level":20,"msg":"Processed: \u001b[35msource/libs/lightGallery/img/vimeo-play.png\u001b[39m","time":"2021-11-17T03:20:13.280Z","v":0}
{"name":"hexo","hostname":"LAPTOP-H3MF430Q","pid":10536,"level":20,"msg":"Processed: \u001b[35msource/libs/lightGallery/img/youtube-play.png\u001b[39m","time":"2021-11-17T03:20:13.281Z","v":0}
{"name":"hexo","hostname":"LAPTOP-H3MF430Q","pid":10536,"level":20,"msg":"Processed: \u001b[35msource/libs/lightGallery/js/lightgallery-all.min.js\u001b[39m","time":"2021-11-17T03:20:13.281Z","v":0}
{"name":"hexo","hostname":"LAPTOP-H3MF430Q","pid":10536,"level":20,"msg":"Processed: \u001b[35msource/libs/materialize/materialize.min.css\u001b[39m","time":"2021-11-17T03:20:13.282Z","v":0}
{"name":"hexo","hostname":"LAPTOP-H3MF430Q","pid":10536,"level":20,"msg":"Processed: \u001b[35msource/libs/share/fonts/iconfont.eot\u001b[39m","time":"2021-11-17T03:20:13.282Z","v":0}
{"name":"hexo","hostname":"LAPTOP-H3MF430Q","pid":10536,"level":20,"msg":"Processed: \u001b[35msource/libs/share/css/share.min.css\u001b[39m","time":"2021-11-17T03:20:13.283Z","v":0}
{"name":"hexo","hostname":"LAPTOP-H3MF430Q","pid":10536,"level":20,"msg":"Processed: \u001b[35msource/libs/share/fonts/iconfont.svg\u001b[39m","time":"2021-11-17T03:20:13.286Z","v":0}
{"name":"hexo","hostname":"LAPTOP-H3MF430Q","pid":10536,"level":20,"msg":"Processed: \u001b[35msource/libs/share/fonts/iconfont.ttf\u001b[39m","time":"2021-11-17T03:20:13.286Z","v":0}
{"name":"hexo","hostname":"LAPTOP-H3MF430Q","pid":10536,"level":20,"msg":"Processed: \u001b[35msource/libs/share/fonts/iconfont.woff\u001b[39m","time":"2021-11-17T03:20:13.287Z","v":0}
{"name":"hexo","hostname":"LAPTOP-H3MF430Q","pid":10536,"level":20,"msg":"Processed: \u001b[35msource/libs/share/js/social-share.min.js\u001b[39m","time":"2021-11-17T03:20:13.287Z","v":0}
{"name":"hexo","hostname":"LAPTOP-H3MF430Q","pid":10536,"level":20,"msg":"Processed: \u001b[35msource/libs/share/js/jquery.share.min.js\u001b[39m","time":"2021-11-17T03:20:13.288Z","v":0}
{"name":"hexo","hostname":"LAPTOP-H3MF430Q","pid":10536,"level":20,"msg":"Processed: \u001b[35msource/libs/valine/av-min.js\u001b[39m","time":"2021-11-17T03:20:13.288Z","v":0}
{"name":"hexo","hostname":"LAPTOP-H3MF430Q","pid":10536,"level":20,"msg":"Processed: \u001b[35msource/medias/featureimages/1.jpg\u001b[39m","time":"2021-11-17T03:20:13.289Z","v":0}
{"name":"hexo","hostname":"LAPTOP-H3MF430Q","pid":10536,"level":20,"msg":"Processed: \u001b[35msource/medias/featureimages/10.jpg\u001b[39m","time":"2021-11-17T03:20:13.289Z","v":0}
{"name":"hexo","hostname":"LAPTOP-H3MF430Q","pid":10536,"level":20,"msg":"Processed: \u001b[35msource/medias/featureimages/15.jpg\u001b[39m","time":"2021-11-17T03:20:13.290Z","v":0}
{"name":"hexo","hostname":"LAPTOP-H3MF430Q","pid":10536,"level":20,"msg":"Processed: \u001b[35msource/medias/featureimages/19.jpg\u001b[39m","time":"2021-11-17T03:20:13.291Z","v":0}
{"name":"hexo","hostname":"LAPTOP-H3MF430Q","pid":10536,"level":20,"msg":"Processed: \u001b[35msource/medias/featureimages/20.jpg\u001b[39m","time":"2021-11-17T03:20:13.291Z","v":0}
{"name":"hexo","hostname":"LAPTOP-H3MF430Q","pid":10536,"level":20,"msg":"Processed: \u001b[35msource/medias/featureimages/2.jpg\u001b[39m","time":"2021-11-17T03:20:13.292Z","v":0}
{"name":"hexo","hostname":"LAPTOP-H3MF430Q","pid":10536,"level":20,"msg":"Processed: \u001b[35msource/medias/featureimages/23.jpg\u001b[39m","time":"2021-11-17T03:20:13.292Z","v":0}
{"name":"hexo","hostname":"LAPTOP-H3MF430Q","pid":10536,"level":20,"msg":"Processed: \u001b[35msource/medias/featureimages/24.jpg\u001b[39m","time":"2021-11-17T03:20:13.293Z","v":0}
{"name":"hexo","hostname":"LAPTOP-H3MF430Q","pid":10536,"level":20,"msg":"Processed: \u001b[35msource/medias/featureimages/28.jpg\u001b[39m","time":"2021-11-17T03:20:13.293Z","v":0}
{"name":"hexo","hostname":"LAPTOP-H3MF430Q","pid":10536,"level":20,"msg":"Processed: \u001b[35msource/medias/featureimages/29.jpg\u001b[39m","time":"2021-11-17T03:20:13.294Z","v":0}
{"name":"hexo","hostname":"LAPTOP-H3MF430Q","pid":10536,"level":20,"msg":"Processed: \u001b[35msource/medias/featureimages/30.jpg\u001b[39m","time":"2021-11-17T03:20:13.294Z","v":0}
{"name":"hexo","hostname":"LAPTOP-H3MF430Q","pid":10536,"level":20,"msg":"Processed: \u001b[35msource/medias/featureimages/31.jpg\u001b[39m","time":"2021-11-17T03:20:13.294Z","v":0}
{"name":"hexo","hostname":"LAPTOP-H3MF430Q","pid":10536,"level":20,"msg":"Processed: \u001b[35msource/medias/featureimages/33.jpg\u001b[39m","time":"2021-11-17T03:20:13.295Z","v":0}
{"name":"hexo","hostname":"LAPTOP-H3MF430Q","pid":10536,"level":20,"msg":"Processed: \u001b[35msource/medias/featureimages/39.jpg\u001b[39m","time":"2021-11-17T03:20:13.295Z","v":0}
{"name":"hexo","hostname":"LAPTOP-H3MF430Q","pid":10536,"level":20,"msg":"Processed: \u001b[35msource/medias/featureimages/41.jpg\u001b[39m","time":"2021-11-17T03:20:13.296Z","v":0}
{"name":"hexo","hostname":"LAPTOP-H3MF430Q","pid":10536,"level":20,"msg":"Processed: \u001b[35msource/medias/featureimages/43.jpg\u001b[39m","time":"2021-11-17T03:20:13.296Z","v":0}
{"name":"hexo","hostname":"LAPTOP-H3MF430Q","pid":10536,"level":20,"msg":"Processed: \u001b[35msource/medias/featureimages/46.jpg\u001b[39m","time":"2021-11-17T03:20:13.297Z","v":0}
{"name":"hexo","hostname":"LAPTOP-H3MF430Q","pid":10536,"level":20,"msg":"Processed: \u001b[35msource/medias/featureimages/6.jpg\u001b[39m","time":"2021-11-17T03:20:13.297Z","v":0}
{"name":"hexo","hostname":"LAPTOP-H3MF430Q","pid":10536,"level":20,"msg":"Processed: \u001b[35msource/medias/featureimages/8.jpg\u001b[39m","time":"2021-11-17T03:20:13.298Z","v":0}
{"name":"hexo","hostname":"LAPTOP-H3MF430Q","pid":10536,"level":20,"msg":"Processed: \u001b[35msource/medias/music/avatars/Shame.jpg\u001b[39m","time":"2021-11-17T03:20:13.298Z","v":0}
{"name":"hexo","hostname":"LAPTOP-H3MF430Q","pid":10536,"level":20,"msg":"Processed: \u001b[35msource/medias/music/avatars/Stay Alive.jpg\u001b[39m","time":"2021-11-17T03:20:13.299Z","v":0}
{"name":"hexo","hostname":"LAPTOP-H3MF430Q","pid":10536,"level":20,"msg":"Processed: \u001b[35msource/medias/music/avatars/se.jpg\u001b[39m","time":"2021-11-17T03:20:13.299Z","v":0}
{"name":"hexo","hostname":"LAPTOP-H3MF430Q","pid":10536,"level":20,"msg":"Processed: \u001b[35msource/libs/awesome/fonts/fontawesome-webfont.woff\u001b[39m","time":"2021-11-17T03:20:13.310Z","v":0}
{"name":"hexo","hostname":"LAPTOP-H3MF430Q","pid":10536,"level":20,"msg":"Processed: \u001b[35msource/libs/awesome/fonts/fontawesome-webfont.woff2\u001b[39m","time":"2021-11-17T03:20:13.311Z","v":0}
{"name":"hexo","hostname":"LAPTOP-H3MF430Q","pid":10536,"level":20,"msg":"Processed: \u001b[35msource/libs/dplayer/DPlayer.min.js\u001b[39m","time":"2021-11-17T03:20:13.311Z","v":0}
{"name":"hexo","hostname":"LAPTOP-H3MF430Q","pid":10536,"level":20,"msg":"Processed: \u001b[35msource/libs/gitalk/gitalk.min.js\u001b[39m","time":"2021-11-17T03:20:13.312Z","v":0}
{"name":"hexo","hostname":"LAPTOP-H3MF430Q","pid":10536,"level":20,"msg":"Processed: \u001b[35msource/libs/materialize/materialize.min.js\u001b[39m","time":"2021-11-17T03:20:13.312Z","v":0}
{"name":"hexo","hostname":"LAPTOP-H3MF430Q","pid":10536,"level":20,"msg":"Processed: \u001b[35msource/medias/banner/5.jpg\u001b[39m","time":"2021-11-17T03:20:13.313Z","v":0}
{"name":"hexo","hostname":"LAPTOP-H3MF430Q","pid":10536,"level":20,"msg":"Processed: \u001b[35msource/medias/featureimages/0.jpg\u001b[39m","time":"2021-11-17T03:20:13.313Z","v":0}
{"name":"hexo","hostname":"LAPTOP-H3MF430Q","pid":10536,"level":20,"msg":"Processed: \u001b[35msource/medias/featureimages/11.jpg\u001b[39m","time":"2021-11-17T03:20:13.314Z","v":0}
{"name":"hexo","hostname":"LAPTOP-H3MF430Q","pid":10536,"level":20,"msg":"Processed: \u001b[35msource/medias/featureimages/18.jpg\u001b[39m","time":"2021-11-17T03:20:13.314Z","v":0}
{"name":"hexo","hostname":"LAPTOP-H3MF430Q","pid":10536,"level":20,"msg":"Processed: \u001b[35msource/medias/featureimages/26.jpg\u001b[39m","time":"2021-11-17T03:20:13.314Z","v":0}
{"name":"hexo","hostname":"LAPTOP-H3MF430Q","pid":10536,"level":20,"msg":"Processed: \u001b[35msource/medias/featureimages/3.jpg\u001b[39m","time":"2021-11-17T03:20:13.315Z","v":0}
{"name":"hexo","hostname":"LAPTOP-H3MF430Q","pid":10536,"level":20,"msg":"Processed: \u001b[35msource/medias/featureimages/32.jpg\u001b[39m","time":"2021-11-17T03:20:13.315Z","v":0}
{"name":"hexo","hostname":"LAPTOP-H3MF430Q","pid":10536,"level":20,"msg":"Processed: \u001b[35msource/medias/featureimages/25.jpg\u001b[39m","time":"2021-11-17T03:20:13.316Z","v":0}
{"name":"hexo","hostname":"LAPTOP-H3MF430Q","pid":10536,"level":20,"msg":"Processed: \u001b[35msource/medias/featureimages/34.jpg\u001b[39m","time":"2021-11-17T03:20:13.319Z","v":0}
{"name":"hexo","hostname":"LAPTOP-H3MF430Q","pid":10536,"level":20,"msg":"Processed: \u001b[35msource/medias/featureimages/4.jpg\u001b[39m","time":"2021-11-17T03:20:13.319Z","v":0}
{"name":"hexo","hostname":"LAPTOP-H3MF430Q","pid":10536,"level":20,"msg":"Processed: \u001b[35msource/medias/featureimages/45.jpg\u001b[39m","time":"2021-11-17T03:20:13.320Z","v":0}
{"name":"hexo","hostname":"LAPTOP-H3MF430Q","pid":10536,"level":20,"msg":"Processed: \u001b[35msource/medias/featureimages/5.jpg\u001b[39m","time":"2021-11-17T03:20:13.320Z","v":0}
{"name":"hexo","hostname":"LAPTOP-H3MF430Q","pid":10536,"level":20,"msg":"Processed: \u001b[35msource/medias/featureimages/7.jpg\u001b[39m","time":"2021-11-17T03:20:13.321Z","v":0}
{"name":"hexo","hostname":"LAPTOP-H3MF430Q","pid":10536,"level":20,"msg":"Processed: \u001b[35msource/medias/music/avatars/Like Real People Do.jpg\u001b[39m","time":"2021-11-17T03:20:13.321Z","v":0}
{"name":"hexo","hostname":"LAPTOP-H3MF430Q","pid":10536,"level":20,"msg":"Processed: \u001b[35msource/libs/awesome/fonts/fontawesome-webfont.ttf\u001b[39m","time":"2021-11-17T03:20:13.326Z","v":0}
{"name":"hexo","hostname":"LAPTOP-H3MF430Q","pid":10536,"level":20,"msg":"Processed: \u001b[35msource/medias/featureimages/16.jpg\u001b[39m","time":"2021-11-17T03:20:13.327Z","v":0}
{"name":"hexo","hostname":"LAPTOP-H3MF430Q","pid":10536,"level":20,"msg":"Processed: \u001b[35msource/medias/featureimages/17.jpg\u001b[39m","time":"2021-11-17T03:20:13.327Z","v":0}
{"name":"hexo","hostname":"LAPTOP-H3MF430Q","pid":10536,"level":20,"msg":"Processed: \u001b[35msource/medias/featureimages/44.jpg\u001b[39m","time":"2021-11-17T03:20:13.328Z","v":0}
{"name":"hexo","hostname":"LAPTOP-H3MF430Q","pid":10536,"level":20,"msg":"Processed: \u001b[35msource/medias/featureimages/48.jpg\u001b[39m","time":"2021-11-17T03:20:13.328Z","v":0}
{"name":"hexo","hostname":"LAPTOP-H3MF430Q","pid":10536,"level":20,"msg":"Processed: \u001b[35msource/medias/reward/alipay.jpg\u001b[39m","time":"2021-11-17T03:20:13.328Z","v":0}
{"name":"hexo","hostname":"LAPTOP-H3MF430Q","pid":10536,"level":20,"msg":"Processed: \u001b[35msource/libs/awesome/fonts/FontAwesome.otf\u001b[39m","time":"2021-11-17T03:20:13.336Z","v":0}
{"name":"hexo","hostname":"LAPTOP-H3MF430Q","pid":10536,"level":20,"msg":"Processed: \u001b[35msource/medias/banner/6.jpg\u001b[39m","time":"2021-11-17T03:20:13.337Z","v":0}
{"name":"hexo","hostname":"LAPTOP-H3MF430Q","pid":10536,"level":20,"msg":"Processed: \u001b[35msource/medias/featureimages/13.jpg\u001b[39m","time":"2021-11-17T03:20:13.337Z","v":0}
{"name":"hexo","hostname":"LAPTOP-H3MF430Q","pid":10536,"level":20,"msg":"Processed: \u001b[35msource/medias/featureimages/12.jpg\u001b[39m","time":"2021-11-17T03:20:13.338Z","v":0}
{"name":"hexo","hostname":"LAPTOP-H3MF430Q","pid":10536,"level":20,"msg":"Processed: \u001b[35msource/medias/featureimages/22.jpg\u001b[39m","time":"2021-11-17T03:20:13.338Z","v":0}
{"name":"hexo","hostname":"LAPTOP-H3MF430Q","pid":10536,"level":20,"msg":"Processed: \u001b[35msource/libs/awesome/fonts/fontawesome-webfont.eot\u001b[39m","time":"2021-11-17T03:20:13.341Z","v":0}
{"name":"hexo","hostname":"LAPTOP-H3MF430Q","pid":10536,"level":20,"msg":"Processed: \u001b[35msource/medias/banner/1.jpg\u001b[39m","time":"2021-11-17T03:20:13.342Z","v":0}
{"name":"hexo","hostname":"LAPTOP-H3MF430Q","pid":10536,"level":20,"msg":"Processed: \u001b[35msource/medias/banner/2.jpg\u001b[39m","time":"2021-11-17T03:20:13.342Z","v":0}
{"name":"hexo","hostname":"LAPTOP-H3MF430Q","pid":10536,"level":20,"msg":"Processed: \u001b[35msource/medias/banner/4.jpg\u001b[39m","time":"2021-11-17T03:20:13.343Z","v":0}
{"name":"hexo","hostname":"LAPTOP-H3MF430Q","pid":10536,"level":20,"msg":"Processed: \u001b[35msource/medias/featureimages/42.jpg\u001b[39m","time":"2021-11-17T03:20:13.343Z","v":0}
{"name":"hexo","hostname":"LAPTOP-H3MF430Q","pid":10536,"level":20,"msg":"Processed: \u001b[35msource/medias/music/avatars/总有一个人要先走.jpg\u001b[39m","time":"2021-11-17T03:20:13.345Z","v":0}
{"name":"hexo","hostname":"LAPTOP-H3MF430Q","pid":10536,"level":20,"msg":"Processed: \u001b[35msource/medias/featureimages/40.jpg\u001b[39m","time":"2021-11-17T03:20:13.348Z","v":0}
{"name":"hexo","hostname":"LAPTOP-H3MF430Q","pid":10536,"level":20,"msg":"Processed: \u001b[35msource/medias/banner/0.jpg\u001b[39m","time":"2021-11-17T03:20:13.350Z","v":0}
{"name":"hexo","hostname":"LAPTOP-H3MF430Q","pid":10536,"level":20,"msg":"Processed: \u001b[35msource/libs/awesome/fonts/fontawesome-webfont.svg\u001b[39m","time":"2021-11-17T03:20:13.355Z","v":0}
{"name":"hexo","hostname":"LAPTOP-H3MF430Q","pid":10536,"level":20,"msg":"Processed: \u001b[35msource/libs/echarts/echarts.min.js\u001b[39m","time":"2021-11-17T03:20:13.363Z","v":0}
{"name":"hexo","hostname":"LAPTOP-H3MF430Q","pid":10536,"level":20,"msg":"Processed: \u001b[35msource/medias/featureimages/49.jpg\u001b[39m","time":"2021-11-17T03:20:13.363Z","v":0}
{"name":"hexo","hostname":"LAPTOP-H3MF430Q","pid":10536,"level":20,"msg":"Processed: \u001b[35msource/medias/banner/3.jpg\u001b[39m","time":"2021-11-17T03:20:13.383Z","v":0}
{"name":"hexo","hostname":"LAPTOP-H3MF430Q","pid":10536,"level":20,"msg":"Processed: \u001b[35m_posts/2/1.jpg\u001b[39m","time":"2021-11-17T03:20:13.391Z","v":0}
{"name":"hexo","hostname":"LAPTOP-H3MF430Q","pid":10536,"level":20,"msg":"Processed: \u001b[35msource/medias/music/总有一个人要先走.mp3\u001b[39m","time":"2021-11-17T03:20:13.527Z","v":0}
{"name":"hexo","hostname":"LAPTOP-H3MF430Q","pid":10536,"level":30,"msg":"Generating Baidu urls for last 200 posts","time":"2021-11-17T03:20:13.675Z","v":0}
{"name":"hexo","hostname":"LAPTOP-H3MF430Q","pid":10536,"level":30,"msg":"Posts urls generated in baidu_urls.txt\nhttps://pshtrophycloud.com/6-ajaxnotes.html\nhttps://pshtrophycloud.com/5.html\nhttps://pshtrophycloud.com/4.html\nhttps://pshtrophycloud.com/3.html\nhttps://pshtrophycloud.com/2.html\nhttps://pshtrophycloud.com/1.html\nhttps://pshtrophycloud.com/vmware-an-zhuang-centos-8-1-wan-zheng-jiao-cheng.html","time":"2021-11-17T03:20:13.678Z","v":0}
{"name":"hexo","hostname":"LAPTOP-H3MF430Q","pid":10536,"level":20,"msg":"Generator: \u001b[35mpage\u001b[39m","time":"2021-11-17T03:20:13.792Z","v":0}
{"name":"hexo","hostname":"LAPTOP-H3MF430Q","pid":10536,"level":20,"msg":"Generator: \u001b[35mpost\u001b[39m","time":"2021-11-17T03:20:13.792Z","v":0}
{"name":"hexo","hostname":"LAPTOP-H3MF430Q","pid":10536,"level":20,"msg":"Generator: \u001b[35mbaidu_url_generator\u001b[39m","time":"2021-11-17T03:20:13.793Z","v":0}
{"name":"hexo","hostname":"LAPTOP-H3MF430Q","pid":10536,"level":20,"msg":"Generator: \u001b[35mbaidusitemap\u001b[39m","time":"2021-11-17T03:20:13.793Z","v":0}
{"name":"hexo","hostname":"LAPTOP-H3MF430Q","pid":10536,"level":20,"msg":"Generator: \u001b[35marchive\u001b[39m","time":"2021-11-17T03:20:13.793Z","v":0}
{"name":"hexo","hostname":"LAPTOP-H3MF430Q","pid":10536,"level":20,"msg":"Generator: \u001b[35mcategory\u001b[39m","time":"2021-11-17T03:20:13.794Z","v":0}
{"name":"hexo","hostname":"LAPTOP-H3MF430Q","pid":10536,"level":20,"msg":"Generator: \u001b[35mfeed\u001b[39m","time":"2021-11-17T03:20:13.794Z","v":0}
{"name":"hexo","hostname":"LAPTOP-H3MF430Q","pid":10536,"level":20,"msg":"Generator: \u001b[35mindex\u001b[39m","time":"2021-11-17T03:20:13.794Z","v":0}
{"name":"hexo","hostname":"LAPTOP-H3MF430Q","pid":10536,"level":20,"msg":"Generator: \u001b[35mxml\u001b[39m","time":"2021-11-17T03:20:13.795Z","v":0}
{"name":"hexo","hostname":"LAPTOP-H3MF430Q","pid":10536,"level":20,"msg":"Generator: \u001b[35msitemap\u001b[39m","time":"2021-11-17T03:20:13.795Z","v":0}
{"name":"hexo","hostname":"LAPTOP-H3MF430Q","pid":10536,"level":20,"msg":"Generator: \u001b[35mtag\u001b[39m","time":"2021-11-17T03:20:13.795Z","v":0}
{"name":"hexo","hostname":"LAPTOP-H3MF430Q","pid":10536,"level":20,"msg":"Generator: \u001b[35mprism_assets\u001b[39m","time":"2021-11-17T03:20:13.796Z","v":0}
{"name":"hexo","hostname":"LAPTOP-H3MF430Q","pid":10536,"level":20,"msg":"Generator: \u001b[35masset\u001b[39m","time":"2021-11-17T03:20:13.813Z","v":0}
{"name":"hexo","hostname":"LAPTOP-H3MF430Q","pid":10536,"level":30,"msg":"Hexo is running at \u001b[4mhttp://localhost:4000\u001b[24m . Press Ctrl+C to stop.","time":"2021-11-17T03:20:13.828Z","v":0}
{"name":"hexo","hostname":"LAPTOP-H3MF430Q","pid":10536,"level":20,"msg":"Database saved","time":"2021-11-17T03:20:13.844Z","v":0}
{"name":"hexo","hostname":"LAPTOP-H3MF430Q","pid":10536,"level":20,"msg":"Rendering HTML index: \u001b[35mindex.html\u001b[39m","time":"2021-11-17T03:20:16.083Z","v":0}
{"name":"hexo","hostname":"LAPTOP-H3MF430Q","pid":10536,"level":20,"msg":"Rendering HTML post: \u001b[35m6-ajaxnotes.html\u001b[39m","time":"2021-11-17T03:20:23.079Z","v":0}
{"name":"hexo","hostname":"LAPTOP-H3MF430Q","pid":10536,"level":30,"msg":"Good bye","time":"2021-11-17T03:21:05.256Z","v":0}
{"name":"hexo","hostname":"LAPTOP-H3MF430Q","pid":10536,"level":20,"msg":"Database saved","time":"2021-11-17T03:21:05.338Z","v":0}
